<?xml version="1.0" encoding="UTF-8"?>
<!-- Generated by org.testng.reporters.JUnitXMLReporter -->
<testsuite ignored="0" hostname="DESKTOP-SSA52IS" failures="0" tests="4" name="Test" time="10.203" errors="0" timestamp="2023-09-12T15:13:21 IST">
  <testcase classname="api.test.UserTest" name="testCreateUser" time="3.466"/>
  <testcase classname="api.test.UserTest" name="testReadUser" time="1.223"/>
  <testcase classname="api.test.UserTest" name="testUpdateUser" time="2.96"/>
  <testcase classname="api.test.UserTest" name="testDeleteUser" time="1.264"/>
</testsuite> <!-- Test -->
