<?xml version="1.0" encoding="UTF-8"?>
<testng-results ignored="0" total="4" passed="4" failed="0" skipped="0">
  <reporter-output>
  </reporter-output>
  <suite started-at="2023-09-17T20:35:43 IST" name="APISuite" finished-at="2023-09-17T20:35:52 IST" duration-ms="9716">
    <groups>
    </groups>
    <test started-at="2023-09-17T20:35:43 IST" name="Test" finished-at="2023-09-17T20:35:52 IST" duration-ms="9716">
      <class name="api.test.PetTest">
        <test-method is-config="true" signature="setupData()[pri:0, instance:api.test.PetTest@27f981c6]" started-at="2023-09-17T20:35:43 IST" name="setupData" finished-at="2023-09-17T20:35:44 IST" duration-ms="816" status="PASS">
          <reporter-output>
          </reporter-output>
        </test-method> <!-- setupData -->
        <test-method signature="testAddNewPet()[pri:1, instance:api.test.PetTest@27f981c6]" started-at="2023-09-17T20:35:44 IST" name="testAddNewPet" finished-at="2023-09-17T20:35:47 IST" duration-ms="3065" status="PASS">
          <reporter-output>
          </reporter-output>
        </test-method> <!-- testAddNewPet -->
        <test-method signature="testViewPetDetails()[pri:2, instance:api.test.PetTest@27f981c6]" started-at="2023-09-17T20:35:47 IST" name="testViewPetDetails" finished-at="2023-09-17T20:35:48 IST" duration-ms="1273" status="PASS">
          <reporter-output>
          </reporter-output>
        </test-method> <!-- testViewPetDetails -->
        <test-method signature="testUpdatePetDetails()[pri:3, instance:api.test.PetTest@27f981c6]" started-at="2023-09-17T20:35:48 IST" name="testUpdatePetDetails" finished-at="2023-09-17T20:35:51 IST" duration-ms="3067" status="PASS">
          <reporter-output>
          </reporter-output>
        </test-method> <!-- testUpdatePetDetails -->
        <test-method signature="testDeletePetDetails()[pri:4, instance:api.test.PetTest@27f981c6]" started-at="2023-09-17T20:35:51 IST" name="testDeletePetDetails" finished-at="2023-09-17T20:35:52 IST" duration-ms="1240" status="PASS">
          <reporter-output>
          </reporter-output>
        </test-method> <!-- testDeletePetDetails -->
      </class> <!-- api.test.PetTest -->
    </test> <!-- Test -->
  </suite> <!-- APISuite -->
</testng-results>
