<?xml version="1.0" encoding="UTF-8"?>
<testng-results ignored="0" total="4" passed="4" failed="0" skipped="0">
  <reporter-output>
  </reporter-output>
  <suite started-at="2023-09-12T15:13:10 IST" name="APISuite" finished-at="2023-09-12T15:13:20 IST" duration-ms="10203">
    <groups>
    </groups>
    <test started-at="2023-09-12T15:13:10 IST" name="Test" finished-at="2023-09-12T15:13:20 IST" duration-ms="10203">
      <class name="api.test.UserTest">
        <test-method is-config="true" signature="setupData()[pri:0, instance:api.test.UserTest@51e69659]" started-at="2023-09-12T15:13:10 IST" name="setupData" finished-at="2023-09-12T15:13:11 IST" duration-ms="949" status="PASS">
          <reporter-output>
          </reporter-output>
        </test-method> <!-- setupData -->
        <test-method signature="testCreateUser()[pri:1, instance:api.test.UserTest@51e69659]" started-at="2023-09-12T15:13:11 IST" name="testCreateUser" finished-at="2023-09-12T15:13:15 IST" duration-ms="3466" status="PASS">
          <reporter-output>
          </reporter-output>
        </test-method> <!-- testCreateUser -->
        <test-method signature="testReadUser()[pri:2, instance:api.test.UserTest@51e69659]" started-at="2023-09-12T15:13:15 IST" name="testReadUser" finished-at="2023-09-12T15:13:16 IST" duration-ms="1223" status="PASS">
          <reporter-output>
          </reporter-output>
        </test-method> <!-- testReadUser -->
        <test-method signature="testUpdateUser()[pri:3, instance:api.test.UserTest@51e69659]" started-at="2023-09-12T15:13:16 IST" name="testUpdateUser" finished-at="2023-09-12T15:13:19 IST" duration-ms="2960" status="PASS">
          <reporter-output>
          </reporter-output>
        </test-method> <!-- testUpdateUser -->
        <test-method signature="testDeleteUser()[pri:4, instance:api.test.UserTest@51e69659]" started-at="2023-09-12T15:13:19 IST" name="testDeleteUser" finished-at="2023-09-12T15:13:20 IST" duration-ms="1264" status="PASS">
          <reporter-output>
          </reporter-output>
        </test-method> <!-- testDeleteUser -->
      </class> <!-- api.test.UserTest -->
    </test> <!-- Test -->
  </suite> <!-- APISuite -->
</testng-results>
