<?xml version="1.0" encoding="UTF-8"?>
<testng-results ignored="0" total="4" passed="4" failed="0" skipped="0">
  <reporter-output>
  </reporter-output>
  <suite started-at="2023-09-11T19:25:51 IST" name="Default suite" finished-at="2023-09-11T19:26:01 IST" duration-ms="9773">
    <groups>
    </groups>
    <test started-at="2023-09-11T19:25:51 IST" name="Default test" finished-at="2023-09-11T19:26:01 IST" duration-ms="9773">
      <class name="api.test.UserTest">
        <test-method is-config="true" signature="setupData()[pri:0, instance:api.test.UserTest@20140db9]" started-at="2023-09-11T19:25:51 IST" name="setupData" finished-at="2023-09-11T19:25:52 IST" duration-ms="785" status="PASS">
          <reporter-output>
          </reporter-output>
        </test-method> <!-- setupData -->
        <test-method signature="testCreateUser()[pri:1, instance:api.test.UserTest@20140db9]" started-at="2023-09-11T19:25:52 IST" name="testCreateUser" finished-at="2023-09-11T19:25:55 IST" duration-ms="3264" status="PASS">
          <reporter-output>
          </reporter-output>
        </test-method> <!-- testCreateUser -->
        <test-method signature="testReadUser()[pri:2, instance:api.test.UserTest@20140db9]" started-at="2023-09-11T19:25:55 IST" name="testReadUser" finished-at="2023-09-11T19:25:56 IST" duration-ms="1201" status="PASS">
          <reporter-output>
          </reporter-output>
        </test-method> <!-- testReadUser -->
        <test-method signature="testUpdateUser()[pri:3, instance:api.test.UserTest@20140db9]" started-at="2023-09-11T19:25:56 IST" name="testUpdateUser" finished-at="2023-09-11T19:26:00 IST" duration-ms="3187" status="PASS">
          <reporter-output>
          </reporter-output>
        </test-method> <!-- testUpdateUser -->
        <test-method signature="testDeleteUser()[pri:4, instance:api.test.UserTest@20140db9]" started-at="2023-09-11T19:26:00 IST" name="testDeleteUser" finished-at="2023-09-11T19:26:01 IST" duration-ms="1281" status="PASS">
          <reporter-output>
          </reporter-output>
        </test-method> <!-- testDeleteUser -->
      </class> <!-- api.test.UserTest -->
    </test> <!-- Default test -->
  </suite> <!-- Default suite -->
</testng-results>
