<?xml version="1.0" encoding="UTF-8"?>
<!-- Generated by org.testng.reporters.JUnitXMLReporter -->
<testsuite ignored="0" hostname="DESKTOP-SSA52IS" failures="0" tests="12" name="Test" time="24.014" errors="0" timestamp="2023-09-17T20:38:46 IST">
  <testcase classname="api.test.DataDrivenUserTest" name="testPostCreateUsers" time="3.17"/>
  <testcase classname="api.test.DataDrivenUserTest" name="testPostCreateUsers" time="1.397"/>
  <testcase classname="api.test.DataDrivenUserTest" name="testPostCreateUsers" time="1.397"/>
  <testcase classname="api.test.DataDrivenUserTest" name="testGetUsers" time="1.313"/>
  <testcase classname="api.test.DataDrivenUserTest" name="testGetUsers" time="1.231"/>
  <testcase classname="api.test.DataDrivenUserTest" name="testGetUsers" time="1.327"/>
  <testcase classname="api.test.DataDrivenUserTest" name="testUpdateUser" time="3.264"/>
  <testcase classname="api.test.DataDrivenUserTest" name="testUpdateUser" time="2.528"/>
  <testcase classname="api.test.DataDrivenUserTest" name="testUpdateUser" time="2.432"/>
  <testcase classname="api.test.DataDrivenUserTest" name="testDeleteUserNames" time="1.433"/>
  <testcase classname="api.test.DataDrivenUserTest" name="testDeleteUserNames" time="1.386"/>
  <testcase classname="api.test.DataDrivenUserTest" name="testDeleteUserNames" time="1.209"/>
</testsuite> <!-- Test -->
